Copyright 1986-2018 Xilinx, Inc. All Rights Reserved.
------------------------------------------------------------------------------------------------------------------------------------
| Tool Version : Vivado v.2018.1 (lin64) Build 2188600 Wed Apr  4 18:39:19 MDT 2018
| Date         : Thu Nov 28 11:08:46 2024
| Host         : RSC-Precision-T3600 running 64-bit Ubuntu 18.04.6 LTS
| Command      : report_drc -file enhancedCROwrap_drc_opted.rpt -pb enhancedCROwrap_drc_opted.pb -rpx enhancedCROwrap_drc_opted.rpx
| Design       : enhancedCROwrap
| Device       : xc7a100tcsg324-1
| Speed File   : -1
| Design State : Synthesized
------------------------------------------------------------------------------------------------------------------------------------

Report DRC

Table of Contents
-----------------
1. REPORT SUMMARY
2. REPORT DETAILS

1. REPORT SUMMARY
-----------------
            Netlist: netlist
          Floorplan: design_1
      Design limits: <entire design considered>
           Ruledeck: default
             Max violations: <unlimited>
             Violations found: 3
+-------------+----------+-------------------------------------------------------------+------------+
| Rule        | Severity | Description                                                 | Violations |
+-------------+----------+-------------------------------------------------------------+------------+
| PLBUFGOPT-1 | Warning  | Non-Optimal connections to BUFG                             | 2          |
| PLHOLDVIO-2 | Warning  | Non-Optimal connections which could lead to hold violations | 1          |
+-------------+----------+-------------------------------------------------------------+------------+

2. REPORT DETAILS
-----------------
PLBUFGOPT-1#1 Warning
Non-Optimal connections to BUFG  
A non-muxed BUFG encro/lowbuf2 is driven by another global buffer encro/lowbuf1. Remove non-muxed BUFG if it is not desired
Related violations: <none>

PLBUFGOPT-1#2 Warning
Non-Optimal connections to BUFG  
A non-muxed BUFG encro/upbuf2 is driven by another global buffer encro/upbuf1. Remove non-muxed BUFG if it is not desired
Related violations: <none>

PLHOLDVIO-2#1 Warning
Non-Optimal connections which could lead to hold violations  
A LUT sevensegm_i_2 is driving clock pin of 64 cells. This could lead to large hold time violations. First few involved cells are:
    sevensegm/ctworo/countforss/bcounto_reg[0] {FDRE}
    sevensegm/ctworo/countforss/bcounto_reg[10] {FDRE}
    sevensegm/ctworo/countforss/bcounto_reg[11] {FDRE}
    sevensegm/ctworo/countforss/bcounto_reg[12] {FDRE}
    sevensegm/ctworo/countforss/bcounto_reg[13] {FDRE}

Related violations: <none>


