Copyright 1986-2018 Xilinx, Inc. All Rights Reserved.
-----------------------------------------------------------------------------------------------------------------------------------------------------------------------------------
| Tool Version : Vivado v.2018.1 (lin64) Build 2188600 Wed Apr  4 18:39:19 MDT 2018
| Date         : Wed Oct 30 06:57:07 2024
| Host         : RSC-Precision-T3600 running 64-bit Ubuntu 18.04.6 LTS
| Command      : report_methodology -file enhancedCROwrap_methodology_drc_routed.rpt -pb enhancedCROwrap_methodology_drc_routed.pb -rpx enhancedCROwrap_methodology_drc_routed.rpx
| Design       : enhancedCROwrap
| Device       : xc7a100tcsg324-1
| Speed File   : -1
| Design State : Routed
-----------------------------------------------------------------------------------------------------------------------------------------------------------------------------------

Report Methodology

Table of Contents
-----------------
1. REPORT SUMMARY
2. REPORT DETAILS

1. REPORT SUMMARY
-----------------
            Netlist: netlist
          Floorplan: design_1
      Design limits: <entire design considered>
             Max violations: <unlimited>
             Violations found: 180
+-----------+----------+-------------------------------+------------+
| Rule      | Severity | Description                   | Violations |
+-----------+----------+-------------------------------+------------+
| LUTAR-1   | Warning  | LUT drives async reset alert  | 1          |
| TIMING-17 | Warning  | Non-clocked sequential cell   | 68         |
| TIMING-18 | Warning  | Missing input or output delay | 19         |
| TIMING-20 | Warning  | Non-clocked latch             | 75         |
| TIMING-23 | Warning  | Combinational loop found      | 17         |
+-----------+----------+-------------------------------+------------+

2. REPORT DETAILS
-----------------
LUTAR-1#1 Warning
LUT drives async reset alert  
LUT cell crores_i_1, with 2 or more inputs, drives asynchronous reset pin(s) k_reg/CLR. The LUT may glitch and trigger an unexpected reset, even if it is a properly timed path.
Related violations: <none>

TIMING-17#1 Warning
Non-clocked sequential cell  
The clock pin encro/lowmux/I0 is not reached by a timing clock
Related violations: <none>

TIMING-17#2 Warning
Non-clocked sequential cell  
The clock pin encro/lowmux/I1 is not reached by a timing clock
Related violations: <none>

TIMING-17#3 Warning
Non-clocked sequential cell  
The clock pin encro/upmux/I0 is not reached by a timing clock
Related violations: <none>

TIMING-17#4 Warning
Non-clocked sequential cell  
The clock pin encro/upmux/I1 is not reached by a timing clock
Related violations: <none>

TIMING-17#5 Warning
Non-clocked sequential cell  
The clock pin sevensegm/ctworo/countforss/acounto_reg[0]/C is not reached by a timing clock
Related violations: <none>

TIMING-17#6 Warning
Non-clocked sequential cell  
The clock pin sevensegm/ctworo/countforss/acounto_reg[10]/C is not reached by a timing clock
Related violations: <none>

TIMING-17#7 Warning
Non-clocked sequential cell  
The clock pin sevensegm/ctworo/countforss/acounto_reg[11]/C is not reached by a timing clock
Related violations: <none>

TIMING-17#8 Warning
Non-clocked sequential cell  
The clock pin sevensegm/ctworo/countforss/acounto_reg[12]/C is not reached by a timing clock
Related violations: <none>

TIMING-17#9 Warning
Non-clocked sequential cell  
The clock pin sevensegm/ctworo/countforss/acounto_reg[13]/C is not reached by a timing clock
Related violations: <none>

TIMING-17#10 Warning
Non-clocked sequential cell  
The clock pin sevensegm/ctworo/countforss/acounto_reg[14]/C is not reached by a timing clock
Related violations: <none>

TIMING-17#11 Warning
Non-clocked sequential cell  
The clock pin sevensegm/ctworo/countforss/acounto_reg[15]/C is not reached by a timing clock
Related violations: <none>

TIMING-17#12 Warning
Non-clocked sequential cell  
The clock pin sevensegm/ctworo/countforss/acounto_reg[16]/C is not reached by a timing clock
Related violations: <none>

TIMING-17#13 Warning
Non-clocked sequential cell  
The clock pin sevensegm/ctworo/countforss/acounto_reg[17]/C is not reached by a timing clock
Related violations: <none>

TIMING-17#14 Warning
Non-clocked sequential cell  
The clock pin sevensegm/ctworo/countforss/acounto_reg[18]/C is not reached by a timing clock
Related violations: <none>

TIMING-17#15 Warning
Non-clocked sequential cell  
The clock pin sevensegm/ctworo/countforss/acounto_reg[19]/C is not reached by a timing clock
Related violations: <none>

TIMING-17#16 Warning
Non-clocked sequential cell  
The clock pin sevensegm/ctworo/countforss/acounto_reg[1]/C is not reached by a timing clock
Related violations: <none>

TIMING-17#17 Warning
Non-clocked sequential cell  
The clock pin sevensegm/ctworo/countforss/acounto_reg[20]/C is not reached by a timing clock
Related violations: <none>

TIMING-17#18 Warning
Non-clocked sequential cell  
The clock pin sevensegm/ctworo/countforss/acounto_reg[21]/C is not reached by a timing clock
Related violations: <none>

TIMING-17#19 Warning
Non-clocked sequential cell  
The clock pin sevensegm/ctworo/countforss/acounto_reg[22]/C is not reached by a timing clock
Related violations: <none>

TIMING-17#20 Warning
Non-clocked sequential cell  
The clock pin sevensegm/ctworo/countforss/acounto_reg[23]/C is not reached by a timing clock
Related violations: <none>

TIMING-17#21 Warning
Non-clocked sequential cell  
The clock pin sevensegm/ctworo/countforss/acounto_reg[24]/C is not reached by a timing clock
Related violations: <none>

TIMING-17#22 Warning
Non-clocked sequential cell  
The clock pin sevensegm/ctworo/countforss/acounto_reg[25]/C is not reached by a timing clock
Related violations: <none>

TIMING-17#23 Warning
Non-clocked sequential cell  
The clock pin sevensegm/ctworo/countforss/acounto_reg[26]/C is not reached by a timing clock
Related violations: <none>

TIMING-17#24 Warning
Non-clocked sequential cell  
The clock pin sevensegm/ctworo/countforss/acounto_reg[27]/C is not reached by a timing clock
Related violations: <none>

TIMING-17#25 Warning
Non-clocked sequential cell  
The clock pin sevensegm/ctworo/countforss/acounto_reg[28]/C is not reached by a timing clock
Related violations: <none>

TIMING-17#26 Warning
Non-clocked sequential cell  
The clock pin sevensegm/ctworo/countforss/acounto_reg[29]/C is not reached by a timing clock
Related violations: <none>

TIMING-17#27 Warning
Non-clocked sequential cell  
The clock pin sevensegm/ctworo/countforss/acounto_reg[2]/C is not reached by a timing clock
Related violations: <none>

TIMING-17#28 Warning
Non-clocked sequential cell  
The clock pin sevensegm/ctworo/countforss/acounto_reg[30]/C is not reached by a timing clock
Related violations: <none>

TIMING-17#29 Warning
Non-clocked sequential cell  
The clock pin sevensegm/ctworo/countforss/acounto_reg[31]/C is not reached by a timing clock
Related violations: <none>

TIMING-17#30 Warning
Non-clocked sequential cell  
The clock pin sevensegm/ctworo/countforss/acounto_reg[3]/C is not reached by a timing clock
Related violations: <none>

TIMING-17#31 Warning
Non-clocked sequential cell  
The clock pin sevensegm/ctworo/countforss/acounto_reg[4]/C is not reached by a timing clock
Related violations: <none>

TIMING-17#32 Warning
Non-clocked sequential cell  
The clock pin sevensegm/ctworo/countforss/acounto_reg[5]/C is not reached by a timing clock
Related violations: <none>

TIMING-17#33 Warning
Non-clocked sequential cell  
The clock pin sevensegm/ctworo/countforss/acounto_reg[6]/C is not reached by a timing clock
Related violations: <none>

TIMING-17#34 Warning
Non-clocked sequential cell  
The clock pin sevensegm/ctworo/countforss/acounto_reg[7]/C is not reached by a timing clock
Related violations: <none>

TIMING-17#35 Warning
Non-clocked sequential cell  
The clock pin sevensegm/ctworo/countforss/acounto_reg[8]/C is not reached by a timing clock
Related violations: <none>

TIMING-17#36 Warning
Non-clocked sequential cell  
The clock pin sevensegm/ctworo/countforss/acounto_reg[9]/C is not reached by a timing clock
Related violations: <none>

TIMING-17#37 Warning
Non-clocked sequential cell  
The clock pin sevensegm/ctworo/countforss/acountt_reg[0]/C is not reached by a timing clock
Related violations: <none>

TIMING-17#38 Warning
Non-clocked sequential cell  
The clock pin sevensegm/ctworo/countforss/acountt_reg[10]/C is not reached by a timing clock
Related violations: <none>

TIMING-17#39 Warning
Non-clocked sequential cell  
The clock pin sevensegm/ctworo/countforss/acountt_reg[11]/C is not reached by a timing clock
Related violations: <none>

TIMING-17#40 Warning
Non-clocked sequential cell  
The clock pin sevensegm/ctworo/countforss/acountt_reg[12]/C is not reached by a timing clock
Related violations: <none>

TIMING-17#41 Warning
Non-clocked sequential cell  
The clock pin sevensegm/ctworo/countforss/acountt_reg[13]/C is not reached by a timing clock
Related violations: <none>

TIMING-17#42 Warning
Non-clocked sequential cell  
The clock pin sevensegm/ctworo/countforss/acountt_reg[14]/C is not reached by a timing clock
Related violations: <none>

TIMING-17#43 Warning
Non-clocked sequential cell  
The clock pin sevensegm/ctworo/countforss/acountt_reg[15]/C is not reached by a timing clock
Related violations: <none>

TIMING-17#44 Warning
Non-clocked sequential cell  
The clock pin sevensegm/ctworo/countforss/acountt_reg[16]/C is not reached by a timing clock
Related violations: <none>

TIMING-17#45 Warning
Non-clocked sequential cell  
The clock pin sevensegm/ctworo/countforss/acountt_reg[17]/C is not reached by a timing clock
Related violations: <none>

TIMING-17#46 Warning
Non-clocked sequential cell  
The clock pin sevensegm/ctworo/countforss/acountt_reg[18]/C is not reached by a timing clock
Related violations: <none>

TIMING-17#47 Warning
Non-clocked sequential cell  
The clock pin sevensegm/ctworo/countforss/acountt_reg[19]/C is not reached by a timing clock
Related violations: <none>

TIMING-17#48 Warning
Non-clocked sequential cell  
The clock pin sevensegm/ctworo/countforss/acountt_reg[1]/C is not reached by a timing clock
Related violations: <none>

TIMING-17#49 Warning
Non-clocked sequential cell  
The clock pin sevensegm/ctworo/countforss/acountt_reg[20]/C is not reached by a timing clock
Related violations: <none>

TIMING-17#50 Warning
Non-clocked sequential cell  
The clock pin sevensegm/ctworo/countforss/acountt_reg[21]/C is not reached by a timing clock
Related violations: <none>

TIMING-17#51 Warning
Non-clocked sequential cell  
The clock pin sevensegm/ctworo/countforss/acountt_reg[22]/C is not reached by a timing clock
Related violations: <none>

TIMING-17#52 Warning
Non-clocked sequential cell  
The clock pin sevensegm/ctworo/countforss/acountt_reg[23]/C is not reached by a timing clock
Related violations: <none>

TIMING-17#53 Warning
Non-clocked sequential cell  
The clock pin sevensegm/ctworo/countforss/acountt_reg[24]/C is not reached by a timing clock
Related violations: <none>

TIMING-17#54 Warning
Non-clocked sequential cell  
The clock pin sevensegm/ctworo/countforss/acountt_reg[25]/C is not reached by a timing clock
Related violations: <none>

TIMING-17#55 Warning
Non-clocked sequential cell  
The clock pin sevensegm/ctworo/countforss/acountt_reg[26]/C is not reached by a timing clock
Related violations: <none>

TIMING-17#56 Warning
Non-clocked sequential cell  
The clock pin sevensegm/ctworo/countforss/acountt_reg[27]/C is not reached by a timing clock
Related violations: <none>

TIMING-17#57 Warning
Non-clocked sequential cell  
The clock pin sevensegm/ctworo/countforss/acountt_reg[28]/C is not reached by a timing clock
Related violations: <none>

TIMING-17#58 Warning
Non-clocked sequential cell  
The clock pin sevensegm/ctworo/countforss/acountt_reg[29]/C is not reached by a timing clock
Related violations: <none>

TIMING-17#59 Warning
Non-clocked sequential cell  
The clock pin sevensegm/ctworo/countforss/acountt_reg[2]/C is not reached by a timing clock
Related violations: <none>

TIMING-17#60 Warning
Non-clocked sequential cell  
The clock pin sevensegm/ctworo/countforss/acountt_reg[30]/C is not reached by a timing clock
Related violations: <none>

TIMING-17#61 Warning
Non-clocked sequential cell  
The clock pin sevensegm/ctworo/countforss/acountt_reg[31]/C is not reached by a timing clock
Related violations: <none>

TIMING-17#62 Warning
Non-clocked sequential cell  
The clock pin sevensegm/ctworo/countforss/acountt_reg[3]/C is not reached by a timing clock
Related violations: <none>

TIMING-17#63 Warning
Non-clocked sequential cell  
The clock pin sevensegm/ctworo/countforss/acountt_reg[4]/C is not reached by a timing clock
Related violations: <none>

TIMING-17#64 Warning
Non-clocked sequential cell  
The clock pin sevensegm/ctworo/countforss/acountt_reg[5]/C is not reached by a timing clock
Related violations: <none>

TIMING-17#65 Warning
Non-clocked sequential cell  
The clock pin sevensegm/ctworo/countforss/acountt_reg[6]/C is not reached by a timing clock
Related violations: <none>

TIMING-17#66 Warning
Non-clocked sequential cell  
The clock pin sevensegm/ctworo/countforss/acountt_reg[7]/C is not reached by a timing clock
Related violations: <none>

TIMING-17#67 Warning
Non-clocked sequential cell  
The clock pin sevensegm/ctworo/countforss/acountt_reg[8]/C is not reached by a timing clock
Related violations: <none>

TIMING-17#68 Warning
Non-clocked sequential cell  
The clock pin sevensegm/ctworo/countforss/acountt_reg[9]/C is not reached by a timing clock
Related violations: <none>

TIMING-18#1 Warning
Missing input or output delay  
An input delay is missing on rst relative to clock(s) extclk
Related violations: <none>

TIMING-18#2 Warning
Missing input or output delay  
An output delay is missing on cen[0] relative to clock(s) extclk
Related violations: <none>

TIMING-18#3 Warning
Missing input or output delay  
An output delay is missing on cen[1] relative to clock(s) extclk
Related violations: <none>

TIMING-18#4 Warning
Missing input or output delay  
An output delay is missing on cen[2] relative to clock(s) extclk
Related violations: <none>

TIMING-18#5 Warning
Missing input or output delay  
An output delay is missing on cen[3] relative to clock(s) extclk
Related violations: <none>

TIMING-18#6 Warning
Missing input or output delay  
An output delay is missing on cen[4] relative to clock(s) extclk
Related violations: <none>

TIMING-18#7 Warning
Missing input or output delay  
An output delay is missing on cen[5] relative to clock(s) extclk
Related violations: <none>

TIMING-18#8 Warning
Missing input or output delay  
An output delay is missing on cen[6] relative to clock(s) extclk
Related violations: <none>

TIMING-18#9 Warning
Missing input or output delay  
An output delay is missing on cen[7] relative to clock(s) extclk
Related violations: <none>

TIMING-18#10 Warning
Missing input or output delay  
An output delay is missing on done relative to clock(s) extclk
Related violations: <none>

TIMING-18#11 Warning
Missing input or output delay  
An output delay is missing on seg[0] relative to clock(s) extclk
Related violations: <none>

TIMING-18#12 Warning
Missing input or output delay  
An output delay is missing on seg[1] relative to clock(s) extclk
Related violations: <none>

TIMING-18#13 Warning
Missing input or output delay  
An output delay is missing on seg[2] relative to clock(s) extclk
Related violations: <none>

TIMING-18#14 Warning
Missing input or output delay  
An output delay is missing on seg[3] relative to clock(s) extclk
Related violations: <none>

TIMING-18#15 Warning
Missing input or output delay  
An output delay is missing on seg[4] relative to clock(s) extclk
Related violations: <none>

TIMING-18#16 Warning
Missing input or output delay  
An output delay is missing on seg[5] relative to clock(s) extclk
Related violations: <none>

TIMING-18#17 Warning
Missing input or output delay  
An output delay is missing on seg[6] relative to clock(s) extclk
Related violations: <none>

TIMING-18#18 Warning
Missing input or output delay  
An output delay is missing on seg[7] relative to clock(s) extclk
Related violations: <none>

TIMING-18#19 Warning
Missing input or output delay  
An output delay is missing on txd relative to clock(s) extclk
Related violations: <none>

TIMING-20#1 Warning
Non-clocked latch  
The latch FSM_onehot_NS_reg[0] cannot be properly analyzed as its control pin FSM_onehot_NS_reg[0]/G is not reached by a timing clock
Related violations: <none>

TIMING-20#2 Warning
Non-clocked latch  
The latch FSM_onehot_NS_reg[10] cannot be properly analyzed as its control pin FSM_onehot_NS_reg[10]/G is not reached by a timing clock
Related violations: <none>

TIMING-20#3 Warning
Non-clocked latch  
The latch FSM_onehot_NS_reg[11] cannot be properly analyzed as its control pin FSM_onehot_NS_reg[11]/G is not reached by a timing clock
Related violations: <none>

TIMING-20#4 Warning
Non-clocked latch  
The latch FSM_onehot_NS_reg[12] cannot be properly analyzed as its control pin FSM_onehot_NS_reg[12]/G is not reached by a timing clock
Related violations: <none>

TIMING-20#5 Warning
Non-clocked latch  
The latch FSM_onehot_NS_reg[13] cannot be properly analyzed as its control pin FSM_onehot_NS_reg[13]/G is not reached by a timing clock
Related violations: <none>

TIMING-20#6 Warning
Non-clocked latch  
The latch FSM_onehot_NS_reg[14] cannot be properly analyzed as its control pin FSM_onehot_NS_reg[14]/G is not reached by a timing clock
Related violations: <none>

TIMING-20#7 Warning
Non-clocked latch  
The latch FSM_onehot_NS_reg[2] cannot be properly analyzed as its control pin FSM_onehot_NS_reg[2]/G is not reached by a timing clock
Related violations: <none>

TIMING-20#8 Warning
Non-clocked latch  
The latch FSM_onehot_NS_reg[3] cannot be properly analyzed as its control pin FSM_onehot_NS_reg[3]/G is not reached by a timing clock
Related violations: <none>

TIMING-20#9 Warning
Non-clocked latch  
The latch FSM_onehot_NS_reg[4] cannot be properly analyzed as its control pin FSM_onehot_NS_reg[4]/G is not reached by a timing clock
Related violations: <none>

TIMING-20#10 Warning
Non-clocked latch  
The latch FSM_onehot_NS_reg[5] cannot be properly analyzed as its control pin FSM_onehot_NS_reg[5]/G is not reached by a timing clock
Related violations: <none>

TIMING-20#11 Warning
Non-clocked latch  
The latch FSM_onehot_NS_reg[6] cannot be properly analyzed as its control pin FSM_onehot_NS_reg[6]/G is not reached by a timing clock
Related violations: <none>

TIMING-20#12 Warning
Non-clocked latch  
The latch FSM_onehot_NS_reg[7] cannot be properly analyzed as its control pin FSM_onehot_NS_reg[7]/G is not reached by a timing clock
Related violations: <none>

TIMING-20#13 Warning
Non-clocked latch  
The latch FSM_onehot_NS_reg[8] cannot be properly analyzed as its control pin FSM_onehot_NS_reg[8]/G is not reached by a timing clock
Related violations: <none>

TIMING-20#14 Warning
Non-clocked latch  
The latch FSM_onehot_NS_reg[9] cannot be properly analyzed as its control pin FSM_onehot_NS_reg[9]/G is not reached by a timing clock
Related violations: <none>

TIMING-20#15 Warning
Non-clocked latch  
The latch crores/sela_reg[0] cannot be properly analyzed as its control pin crores/sela_reg[0]/G is not reached by a timing clock
Related violations: <none>

TIMING-20#16 Warning
Non-clocked latch  
The latch crores/sela_reg[1] cannot be properly analyzed as its control pin crores/sela_reg[1]/G is not reached by a timing clock
Related violations: <none>

TIMING-20#17 Warning
Non-clocked latch  
The latch crores/sela_reg[2] cannot be properly analyzed as its control pin crores/sela_reg[2]/G is not reached by a timing clock
Related violations: <none>

TIMING-20#18 Warning
Non-clocked latch  
The latch crores/sela_reg[3] cannot be properly analyzed as its control pin crores/sela_reg[3]/G is not reached by a timing clock
Related violations: <none>

TIMING-20#19 Warning
Non-clocked latch  
The latch k_reg cannot be properly analyzed as its control pin k_reg/G is not reached by a timing clock
Related violations: <none>

TIMING-20#20 Warning
Non-clocked latch  
The latch rddata_reg[0] cannot be properly analyzed as its control pin rddata_reg[0]/G is not reached by a timing clock
Related violations: <none>

TIMING-20#21 Warning
Non-clocked latch  
The latch rddata_reg[10] cannot be properly analyzed as its control pin rddata_reg[10]/G is not reached by a timing clock
Related violations: <none>

TIMING-20#22 Warning
Non-clocked latch  
The latch rddata_reg[11] cannot be properly analyzed as its control pin rddata_reg[11]/G is not reached by a timing clock
Related violations: <none>

TIMING-20#23 Warning
Non-clocked latch  
The latch rddata_reg[12] cannot be properly analyzed as its control pin rddata_reg[12]/G is not reached by a timing clock
Related violations: <none>

TIMING-20#24 Warning
Non-clocked latch  
The latch rddata_reg[13] cannot be properly analyzed as its control pin rddata_reg[13]/G is not reached by a timing clock
Related violations: <none>

TIMING-20#25 Warning
Non-clocked latch  
The latch rddata_reg[14] cannot be properly analyzed as its control pin rddata_reg[14]/G is not reached by a timing clock
Related violations: <none>

TIMING-20#26 Warning
Non-clocked latch  
The latch rddata_reg[15] cannot be properly analyzed as its control pin rddata_reg[15]/G is not reached by a timing clock
Related violations: <none>

TIMING-20#27 Warning
Non-clocked latch  
The latch rddata_reg[16] cannot be properly analyzed as its control pin rddata_reg[16]/G is not reached by a timing clock
Related violations: <none>

TIMING-20#28 Warning
Non-clocked latch  
The latch rddata_reg[17] cannot be properly analyzed as its control pin rddata_reg[17]/G is not reached by a timing clock
Related violations: <none>

TIMING-20#29 Warning
Non-clocked latch  
The latch rddata_reg[18] cannot be properly analyzed as its control pin rddata_reg[18]/G is not reached by a timing clock
Related violations: <none>

TIMING-20#30 Warning
Non-clocked latch  
The latch rddata_reg[19] cannot be properly analyzed as its control pin rddata_reg[19]/G is not reached by a timing clock
Related violations: <none>

TIMING-20#31 Warning
Non-clocked latch  
The latch rddata_reg[1] cannot be properly analyzed as its control pin rddata_reg[1]/G is not reached by a timing clock
Related violations: <none>

TIMING-20#32 Warning
Non-clocked latch  
The latch rddata_reg[20] cannot be properly analyzed as its control pin rddata_reg[20]/G is not reached by a timing clock
Related violations: <none>

TIMING-20#33 Warning
Non-clocked latch  
The latch rddata_reg[21] cannot be properly analyzed as its control pin rddata_reg[21]/G is not reached by a timing clock
Related violations: <none>

TIMING-20#34 Warning
Non-clocked latch  
The latch rddata_reg[22] cannot be properly analyzed as its control pin rddata_reg[22]/G is not reached by a timing clock
Related violations: <none>

TIMING-20#35 Warning
Non-clocked latch  
The latch rddata_reg[23] cannot be properly analyzed as its control pin rddata_reg[23]/G is not reached by a timing clock
Related violations: <none>

TIMING-20#36 Warning
Non-clocked latch  
The latch rddata_reg[24] cannot be properly analyzed as its control pin rddata_reg[24]/G is not reached by a timing clock
Related violations: <none>

TIMING-20#37 Warning
Non-clocked latch  
The latch rddata_reg[25] cannot be properly analyzed as its control pin rddata_reg[25]/G is not reached by a timing clock
Related violations: <none>

TIMING-20#38 Warning
Non-clocked latch  
The latch rddata_reg[26] cannot be properly analyzed as its control pin rddata_reg[26]/G is not reached by a timing clock
Related violations: <none>

TIMING-20#39 Warning
Non-clocked latch  
The latch rddata_reg[27] cannot be properly analyzed as its control pin rddata_reg[27]/G is not reached by a timing clock
Related violations: <none>

TIMING-20#40 Warning
Non-clocked latch  
The latch rddata_reg[28] cannot be properly analyzed as its control pin rddata_reg[28]/G is not reached by a timing clock
Related violations: <none>

TIMING-20#41 Warning
Non-clocked latch  
The latch rddata_reg[29] cannot be properly analyzed as its control pin rddata_reg[29]/G is not reached by a timing clock
Related violations: <none>

TIMING-20#42 Warning
Non-clocked latch  
The latch rddata_reg[2] cannot be properly analyzed as its control pin rddata_reg[2]/G is not reached by a timing clock
Related violations: <none>

TIMING-20#43 Warning
Non-clocked latch  
The latch rddata_reg[30] cannot be properly analyzed as its control pin rddata_reg[30]/G is not reached by a timing clock
Related violations: <none>

TIMING-20#44 Warning
Non-clocked latch  
The latch rddata_reg[31] cannot be properly analyzed as its control pin rddata_reg[31]/G is not reached by a timing clock
Related violations: <none>

TIMING-20#45 Warning
Non-clocked latch  
The latch rddata_reg[39] cannot be properly analyzed as its control pin rddata_reg[39]/G is not reached by a timing clock
Related violations: <none>

TIMING-20#46 Warning
Non-clocked latch  
The latch rddata_reg[3] cannot be properly analyzed as its control pin rddata_reg[3]/G is not reached by a timing clock
Related violations: <none>

TIMING-20#47 Warning
Non-clocked latch  
The latch rddata_reg[41] cannot be properly analyzed as its control pin rddata_reg[41]/G is not reached by a timing clock
Related violations: <none>

TIMING-20#48 Warning
Non-clocked latch  
The latch rddata_reg[42] cannot be properly analyzed as its control pin rddata_reg[42]/G is not reached by a timing clock
Related violations: <none>

TIMING-20#49 Warning
Non-clocked latch  
The latch rddata_reg[43] cannot be properly analyzed as its control pin rddata_reg[43]/G is not reached by a timing clock
Related violations: <none>

TIMING-20#50 Warning
Non-clocked latch  
The latch rddata_reg[44] cannot be properly analyzed as its control pin rddata_reg[44]/G is not reached by a timing clock
Related violations: <none>

TIMING-20#51 Warning
Non-clocked latch  
The latch rddata_reg[45] cannot be properly analyzed as its control pin rddata_reg[45]/G is not reached by a timing clock
Related violations: <none>

TIMING-20#52 Warning
Non-clocked latch  
The latch rddata_reg[46] cannot be properly analyzed as its control pin rddata_reg[46]/G is not reached by a timing clock
Related violations: <none>

TIMING-20#53 Warning
Non-clocked latch  
The latch rddata_reg[47] cannot be properly analyzed as its control pin rddata_reg[47]/G is not reached by a timing clock
Related violations: <none>

TIMING-20#54 Warning
Non-clocked latch  
The latch rddata_reg[48] cannot be properly analyzed as its control pin rddata_reg[48]/G is not reached by a timing clock
Related violations: <none>

TIMING-20#55 Warning
Non-clocked latch  
The latch rddata_reg[49] cannot be properly analyzed as its control pin rddata_reg[49]/G is not reached by a timing clock
Related violations: <none>

TIMING-20#56 Warning
Non-clocked latch  
The latch rddata_reg[4] cannot be properly analyzed as its control pin rddata_reg[4]/G is not reached by a timing clock
Related violations: <none>

TIMING-20#57 Warning
Non-clocked latch  
The latch rddata_reg[50] cannot be properly analyzed as its control pin rddata_reg[50]/G is not reached by a timing clock
Related violations: <none>

TIMING-20#58 Warning
Non-clocked latch  
The latch rddata_reg[51] cannot be properly analyzed as its control pin rddata_reg[51]/G is not reached by a timing clock
Related violations: <none>

TIMING-20#59 Warning
Non-clocked latch  
The latch rddata_reg[52] cannot be properly analyzed as its control pin rddata_reg[52]/G is not reached by a timing clock
Related violations: <none>

TIMING-20#60 Warning
Non-clocked latch  
The latch rddata_reg[53] cannot be properly analyzed as its control pin rddata_reg[53]/G is not reached by a timing clock
Related violations: <none>

TIMING-20#61 Warning
Non-clocked latch  
The latch rddata_reg[54] cannot be properly analyzed as its control pin rddata_reg[54]/G is not reached by a timing clock
Related violations: <none>

TIMING-20#62 Warning
Non-clocked latch  
The latch rddata_reg[55] cannot be properly analyzed as its control pin rddata_reg[55]/G is not reached by a timing clock
Related violations: <none>

TIMING-20#63 Warning
Non-clocked latch  
The latch rddata_reg[56] cannot be properly analyzed as its control pin rddata_reg[56]/G is not reached by a timing clock
Related violations: <none>

TIMING-20#64 Warning
Non-clocked latch  
The latch rddata_reg[57] cannot be properly analyzed as its control pin rddata_reg[57]/G is not reached by a timing clock
Related violations: <none>

TIMING-20#65 Warning
Non-clocked latch  
The latch rddata_reg[58] cannot be properly analyzed as its control pin rddata_reg[58]/G is not reached by a timing clock
Related violations: <none>

TIMING-20#66 Warning
Non-clocked latch  
The latch rddata_reg[59] cannot be properly analyzed as its control pin rddata_reg[59]/G is not reached by a timing clock
Related violations: <none>

TIMING-20#67 Warning
Non-clocked latch  
The latch rddata_reg[5] cannot be properly analyzed as its control pin rddata_reg[5]/G is not reached by a timing clock
Related violations: <none>

TIMING-20#68 Warning
Non-clocked latch  
The latch rddata_reg[60] cannot be properly analyzed as its control pin rddata_reg[60]/G is not reached by a timing clock
Related violations: <none>

TIMING-20#69 Warning
Non-clocked latch  
The latch rddata_reg[61] cannot be properly analyzed as its control pin rddata_reg[61]/G is not reached by a timing clock
Related violations: <none>

TIMING-20#70 Warning
Non-clocked latch  
The latch rddata_reg[62] cannot be properly analyzed as its control pin rddata_reg[62]/G is not reached by a timing clock
Related violations: <none>

TIMING-20#71 Warning
Non-clocked latch  
The latch rddata_reg[63] cannot be properly analyzed as its control pin rddata_reg[63]/G is not reached by a timing clock
Related violations: <none>

TIMING-20#72 Warning
Non-clocked latch  
The latch rddata_reg[6] cannot be properly analyzed as its control pin rddata_reg[6]/G is not reached by a timing clock
Related violations: <none>

TIMING-20#73 Warning
Non-clocked latch  
The latch rddata_reg[7] cannot be properly analyzed as its control pin rddata_reg[7]/G is not reached by a timing clock
Related violations: <none>

TIMING-20#74 Warning
Non-clocked latch  
The latch rddata_reg[8] cannot be properly analyzed as its control pin rddata_reg[8]/G is not reached by a timing clock
Related violations: <none>

TIMING-20#75 Warning
Non-clocked latch  
The latch rddata_reg[9] cannot be properly analyzed as its control pin rddata_reg[9]/G is not reached by a timing clock
Related violations: <none>

TIMING-23#1 Warning
Combinational loop found  
A timing loop has been detected on a combinational path. A timing arc has been disabled between crores/ro0/dedimux1/I1 and crores/ro0/dedimux1/O to disable the timing loop
Related violations: <none>

TIMING-23#2 Warning
Combinational loop found  
A timing loop has been detected on a combinational path. A timing arc has been disabled between crores/ro1/dedimux1/I1 and crores/ro1/dedimux1/O to disable the timing loop
Related violations: <none>

TIMING-23#3 Warning
Combinational loop found  
A timing loop has been detected on a combinational path. A timing arc has been disabled between crores/ro10/dedimux1/I1 and crores/ro10/dedimux1/O to disable the timing loop
Related violations: <none>

TIMING-23#4 Warning
Combinational loop found  
A timing loop has been detected on a combinational path. A timing arc has been disabled between crores/ro11/dedimux1/I1 and crores/ro11/dedimux1/O to disable the timing loop
Related violations: <none>

TIMING-23#5 Warning
Combinational loop found  
A timing loop has been detected on a combinational path. A timing arc has been disabled between crores/ro12/dedimux1/I1 and crores/ro12/dedimux1/O to disable the timing loop
Related violations: <none>

TIMING-23#6 Warning
Combinational loop found  
A timing loop has been detected on a combinational path. A timing arc has been disabled between crores/ro13/dedimux1/I1 and crores/ro13/dedimux1/O to disable the timing loop
Related violations: <none>

TIMING-23#7 Warning
Combinational loop found  
A timing loop has been detected on a combinational path. A timing arc has been disabled between crores/ro14/dedimux1/I1 and crores/ro14/dedimux1/O to disable the timing loop
Related violations: <none>

TIMING-23#8 Warning
Combinational loop found  
A timing loop has been detected on a combinational path. A timing arc has been disabled between crores/ro15/dedimux1/I1 and crores/ro15/dedimux1/O to disable the timing loop
Related violations: <none>

TIMING-23#9 Warning
Combinational loop found  
A timing loop has been detected on a combinational path. A timing arc has been disabled between crores/ro2/dedimux1/I1 and crores/ro2/dedimux1/O to disable the timing loop
Related violations: <none>

TIMING-23#10 Warning
Combinational loop found  
A timing loop has been detected on a combinational path. A timing arc has been disabled between crores/ro3/dedimux1/I1 and crores/ro3/dedimux1/O to disable the timing loop
Related violations: <none>

TIMING-23#11 Warning
Combinational loop found  
A timing loop has been detected on a combinational path. A timing arc has been disabled between crores/ro4/dedimux1/I1 and crores/ro4/dedimux1/O to disable the timing loop
Related violations: <none>

TIMING-23#12 Warning
Combinational loop found  
A timing loop has been detected on a combinational path. A timing arc has been disabled between crores/ro5/dedimux1/I1 and crores/ro5/dedimux1/O to disable the timing loop
Related violations: <none>

TIMING-23#13 Warning
Combinational loop found  
A timing loop has been detected on a combinational path. A timing arc has been disabled between crores/ro6/dedimux1/I1 and crores/ro6/dedimux1/O to disable the timing loop
Related violations: <none>

TIMING-23#14 Warning
Combinational loop found  
A timing loop has been detected on a combinational path. A timing arc has been disabled between crores/ro7/dedimux1/I1 and crores/ro7/dedimux1/O to disable the timing loop
Related violations: <none>

TIMING-23#15 Warning
Combinational loop found  
A timing loop has been detected on a combinational path. A timing arc has been disabled between crores/ro8/dedimux1/I1 and crores/ro8/dedimux1/O to disable the timing loop
Related violations: <none>

TIMING-23#16 Warning
Combinational loop found  
A timing loop has been detected on a combinational path. A timing arc has been disabled between crores/ro9/dedimux1/I1 and crores/ro9/dedimux1/O to disable the timing loop
Related violations: <none>

TIMING-23#17 Warning
Combinational loop found  
A timing loop has been detected on a combinational path. A timing arc has been disabled between encro/nandu/I1 and encro/nandu/O to disable the timing loop
Related violations: <none>


